0.01 873.85
0.02 1764.50
0.03 2595.50
0.04 3387.85
0.05 4126.85
0.06 4879.35
0.07 5587.85
0.08 6256.35
0.09 6882.35
0.10 7529.35
0.11 8146.50
0.12 8729.35
0.13 9331.85
0.14 9903.00
0.15 10436.85
0.16 10956.85
0.17 11463.00
0.18 11960.85
0.19 12431.00
0.20 12870.85
0.21 13321.35
0.22 13765.35
0.23 14178.85
0.24 14552.50
0.25 14908.35
0.26 15288.50
0.27 15644.00
0.28 16020.00
0.29 16376.50
0.30 16687.85
0.31 17044.00
0.32 17321.00
0.33 17630.50
0.34 17944.85
0.35 18256.35
0.36 18568.85
0.37 18844.35
0.38 19096.00
0.39 19307.50
0.40 19508.35
0.41 19754.85
0.42 19980.00
0.43 20213.50
0.44 20396.50
0.45 20582.00
0.46 20759.00
0.47 20919.35
0.48 21078.50
0.49 21227.85
0.50 21396.35
0.51 21543.85
0.52 21683.00
0.53 21803.50
0.54 21941.00
0.55 22050.00
0.56 22140.50
0.57 22215.50
0.58 22327.00
0.59 22412.00
0.60 22495.85
0.61 22566.00
0.62 22612.50
0.63 22678.50
0.64 22741.00
0.65 22790.85
0.66 22818.50
0.67 22869.00
0.68 22909.50
0.69 22928.00
0.70 22923.35
0.71 22921.50
0.72 22941.50
0.73 22976.00
0.74 23000.50
0.75 23016.50
0.76 23053.00
0.77 23022.50
0.78 22991.85
0.79 22958.00
0.80 22935.85
0.81 22934.50
0.82 22903.50
0.83 22857.00
0.84 22803.50
0.85 22777.50
0.86 22700.00
0.87 22646.00
0.88 22592.85
0.89 22526.00
0.90 22458.35
0.91 22366.85
0.92 22312.00
0.93 22236.50
0.94 22134.00
0.95 22051.50
0.96 21980.85
0.97 21907.50
0.98 21807.50
0.99 21709.85
1.00 21626.00
1.01 21523.00
1.02 21427.00
1.03 21323.35
1.04 21249.00
1.05 21115.85
1.06 21008.50
1.07 20897.50
1.08 20795.00
1.09 20671.50
1.10 20551.50
1.11 20413.50
1.12 20271.35
1.13 20165.50
1.14 20055.50
1.15 19941.50
1.16 19810.00
1.17 19665.35
1.18 19488.50
1.19 19340.50
1.20 19175.00
1.21 19007.50
1.22 18843.50
1.23 18698.00
1.24 18547.00
1.25 18371.50
1.26 18206.50
1.27 18025.50
1.28 17856.00
1.29 17690.50
1.30 17528.35
1.31 17366.35
1.32 17179.00
1.33 17005.35
1.34 16845.50
1.35 16664.00
1.36 16467.00
1.37 16309.00
1.38 16137.00
1.39 15957.00
1.40 15758.50
1.41 15552.50
1.42 15380.00
1.43 15162.00
1.44 14951.50
1.45 14741.85
1.46 14538.85
1.47 14339.00
1.48 14120.00
1.49 13894.50
1.50 13688.00
1.51 13474.00
1.52 13247.00
1.53 13029.50
1.54 12804.00
1.55 12579.00
1.56 12373.50
1.57 12156.50
1.58 11928.00
1.59 11699.50
1.60 11484.00
1.61 11238.35
1.62 11021.50
1.63 10789.50
1.64 10571.50
1.65 10353.35
1.66 10132.50
1.67 9903.35
1.68 9667.85
1.69 9438.00
1.70 9199.00
1.71 8955.00
1.72 8713.00
1.73 8487.00
1.74 8254.50
1.75 8019.00
1.76 7780.50
1.77 7527.50
1.78 7273.50
1.79 7028.00
1.80 6771.50
1.81 6515.50
1.82 6265.00
1.83 6000.50
1.84 5722.00
1.85 5449.50
1.86 5186.50
1.87 4917.50
1.88 4670.35
1.89 4408.00
1.90 4150.00
1.91 3886.50
1.92 3634.00
1.93 3370.50
1.94 3094.00
1.95 2826.00
1.96 2552.00
1.97 2278.50
1.98 2011.00
1.99 1757.50
2.00 1472.00
