0 0
1 1
2 2
3 2
4 2
5 1
6 1
7 2
8 3
9 3
10 4
11 4
12 3
13 4
14 4
15 4
16 4
17 4
18 5
19 5
20 5
21 6
22 6
23 6
24 6
25 7
26 7
27 7
28 7
29 7
30 7
31 7
32 6
33 7
34 7
35 7
36 7
37 8
38 8
39 8
40 7
41 8
42 7
43 7
44 7
45 8
46 7
47 7
48 7
49 8
50 8
51 8
52 8
53 9
54 9
55 9
56 9
57 10
58 11
59 10
60 10
61 11
62 12
63 12
64 12
65 12
66 12
67 12
68 12
69 12
70 11
71 11
72 11
73 11
74 11
75 12
76 12
77 13
78 12
79 12
80 13
81 13
82 13
83 14
84 14
85 15
86 16
87 16
88 16
89 17
90 17
91 17
92 18
93 18
94 19
95 19
96 19
97 19
98 20
99 19
100 19
101 19
102 20
103 20
104 20
105 21
106 21
107 22
108 22
109 22
110 22
111 22
112 22
113 21
114 22
115 22
116 23
117 23
118 23
119 23
120 24
121 24
122 24
123 24
124 24
125 25
126 25
127 26
128 26
129 27
130 28
131 27
132 27
133 27
134 27
135 27
136 26
137 26
138 25
139 25
140 25
141 26
142 26
143 26
144 27
145 28
146 28
147 28
148 28
149 28
150 29
151 29
152 29
153 29
154 30
155 30
156 29
157 29
158 29
159 30
160 30
161 30
162 30
163 30
164 30
165 31
166 30
167 31
168 32
169 32
170 32
171 31
172 31
173 31
174 32
175 32
176 32
177 33
178 33
179 33
180 34
181 33
182 34
183 34
184 35
185 35
186 36
187 36
188 36
189 36
190 36
191 36
192 36
193 36
194 35
195 36
196 36
197 37
198 37
199 37
200 38
201 38
202 39
203 40
204 40
205 41
206 41
207 42
208 41
209 41
210 41
211 42
212 42
213 42
214 42
215 41
216 41
217 41
218 40
219 40
220 40
221 40
222 41
223 42
224 42
225 42
226 42
227 43
228 43
229 44
230 45
231 45
232 45
233 46
234 45
235 45
236 45
237 46
238 46
239 46
240 46
241 47
242 47
243 47
244 47
245 47
246 47
247 47
248 47
249 48
250 48
251 48
252 48
253 48
254 48
255 49
256 49
257 50
258 50
259 49
260 49
261 49
262 49
263 50
264 50
265 50
266 50
267 50
268 51
269 51
270 52
271 52
272 53
273 53
274 53
275 52
276 53
277 53
278 54
279 54
280 55
281 55
282 55
283 55
284 55
285 55
286 55
287 54
288 55
289 55
290 55
291 55
292 55
293 56
294 56
295 56
296 56
297 56
298 56
299 56
300 56
301 55
302 55
303 54
304 55
305 55
306 54
307 55
308 55
309 55
310 55
311 55
312 56
313 56
314 56
315 55
316 55
317 56
318 56
319 56
320 56
321 56
322 56
323 56
324 57
325 57
326 57
327 57
328 57
329 58
330 57
331 57
332 58
333 58
334 59
335 59
336 59
337 59
338 59
339 60
340 60
341 60
342 60
343 61
344 61
345 60
346 61
347 61
348 61
349 61
350 61
351 61
352 62
353 62
354 62
355 61
356 62
357 62
358 62
359 62
360 63
361 63
362 63
363 64
364 64
365 63
366 63
367 63
368 63
369 64
370 65
371 65
372 66
373 66
374 66
375 67
376 67
377 67
378 67
379 68
380 68
381 68
382 67
383 67
384 68
385 68
386 68
387 69
388 69
389 70
390 70
391 70
392 70
393 70
394 71
395 71
396 71
397 71
398 70
399 70
400 70
401 70
402 70
403 70
404 71
405 71
406 72
407 72
408 72
409 72
410 72
411 71
412 72
413 72
414 72
415 73
416 72
417 73
418 73
419 74
420 74
421 75
422 76
423 76
424 77
425 77
426 77
427 77
428 77
429 77
430 77
431 77
432 78
433 78
434 78
435 78
436 79
437 79
438 79
439 80
440 80
441 81
442 82
443 82
444 83
445 84
446 84
447 84
448 85
449 85
450 86
451 86
452 87
453 87
454 87
455 86
456 86
457 86
458 85
459 86
460 86
461 86
462 85
463 85
464 85
465 86
466 85
467 86
468 86
469 86
470 87
471 86
472 86
473 86
474 86
475 86
476 87
477 87
478 86
479 86
480 87
481 87
482 87
483 87
484 88
485 87
486 87
487 87
488 87
489 88
490 88
491 89
492 89
493 89
494 89
495 89
496 89
497 88
498 89
499 89
500 89
501 88
502 88
503 88
504 88
505 89
506 89
507 89
508 89
509 89
510 89
511 89
512 88
513 88
514 88
515 88
516 89
517 89
518 90
519 90
520 89
521 90
522 90
523 91
524 91
525 91
526 92
527 92
528 92
529 92
530 93
531 93
532 94
533 94
534 94
535 94
536 93
537 94
538 94
539 94
540 94
541 93
542 94
543 94
544 95
545 95
546 94
547 94
548 94
549 94
550 94
551 94
552 94
553 94
554 95
555 95
556 95
557 95
558 96
559 96
560 96
561 97
562 96
563 96
564 97
565 97
566 96
567 96
568 95
569 95
570 95
571 95
572 95
573 95
574 96
575 96
576 97
577 97
578 98
579 98
580 98
581 98
582 98
583 98
584 99
585 98
586 98
587 98
588 98
589 98
590 99
591 99
592 99
593 99
594 99
595 99
596 99
597 99
598 100
599 100
600 99
601 99
602 100
603 101
604 100
605 100
606 100
607 101
608 101
609 101
610 102
611 102
612 101
613 102
614 101
615 102
616 103
617 103
618 103
619 103
620 103
621 103
622 104
623 103
624 103
625 104
626 104
627 103
628 103
629 104
630 104
631 104
632 104
633 105
634 105
635 104
636 104
637 104
638 105
639 105
640 105
641 105
642 106
643 105
644 105
645 105
646 105
647 105
648 105
649 105
650 106
651 106
652 107
653 107
654 107
655 107
656 106
657 106
658 107
659 107
660 107
661 108
662 108
663 108
664 109
665 109
666 110
667 110
668 110
669 111
670 110
671 110
672 110
673 110
674 110
675 109
676 110
677 110
678 109
679 110
680 110
681 110
682 111
683 111
684 112
685 112
686 112
687 112
688 112
689 113
690 113
691 113
692 113
693 112
694 112
695 113
696 114
697 114
698 114
699 114
700 114
701 115
702 115
703 115
704 115
705 114
706 114
707 115
708 115
709 116
710 116
711 116
712 117
713 117
714 118
715 118
716 119
717 118
718 118
719 118
720 118
721 118
722 118
723 117
724 117
725 118
726 118
727 118
728 119
729 119
730 119
731 120
732 119
733 119
734 119
735 119
736 119
737 119
738 119
739 120
740 119
741 119
742 119
743 120
744 120
745 120
746 121
747 122
748 122
749 122
750 122
751 122
752 123
753 123
754 124
755 125
756 125
757 126
758 126
759 126
760 127
761 126
762 126
763 126
764 127
765 128
766 128
767 128
768 128
769 129
770 128
771 128
772 128
773 129
774 129
775 129
776 129
777 129
778 128
779 128
780 127
781 128
782 128
783 128
784 128
785 129
786 129
787 129
788 129
789 130
790 130
791 131
792 130
793 130
794 131
795 131
796 132
797 132
798 131
799 131
800 131
801 130
802 130
803 130
804 131
805 132
806 131
807 131
808 131
809 132
810 132
811 132
812 132
813 132
814 133
815 134
816 134
817 134
818 135
819 135
820 136
821 136
822 136
823 136
824 136
825 137
826 137
827 138
828 138
829 138
830 138
831 139
832 139
833 140
834 141
835 141
836 142
837 142
838 142
839 142
840 143
841 143
842 144
843 144
844 144
845 144
846 144
847 144
848 145
849 145
850 145
851 145
852 145
853 145
854 146
855 146
856 146
857 146
858 146
859 146
860 147
861 147
862 147
863 148
864 147
865 148
866 149
867 149
868 150
869 149
870 149
871 149
872 149
873 149
874 148
875 149
876 149
877 150
878 150
879 151
880 150
881 151
882 151
883 151
884 151
885 151
886 150
887 150
888 150
889 150
890 150
891 150
892 149
893 149
894 150
895 150
896 150
897 150
898 149
899 149
900 149
901 149
902 149
903 149
904 149
905 150
906 150
907 150
908 150
909 150
910 151
911 151
912 152
913 152
914 153
915 153
916 153
917 153
918 153
919 153
920 154
921 154
922 155
923 155
924 155
925 155
926 156
927 156
928 157
929 157
930 156
931 157
932 157
933 158
934 158
935 159
936 160
937 160
938 160
939 161
940 161
941 161
942 162
943 162
944 161
945 162
946 163
947 162
948 162
949 162
950 162
951 163
952 163
953 163
954 163
955 163
956 163
957 164
958 164
959 165
960 164
961 164
962 164
963 165
964 165
965 165
966 166
967 167
968 167
969 167
970 168
971 168
972 168
973 168
974 168
975 168
976 167
977 167
978 166
979 166
980 166
981 166
982 167
983 167
984 167
985 168
986 168
987 168
988 168
989 167
990 167
991 167
992 167
993 168
994 167
995 168
996 168
997 169
998 169
999 169
